<?xml version="1.0" encoding="UTF-8"?>
<!-- Generated by org.testng.reporters.JUnitXMLReporter -->
<testsuite hostname="DESKTOP-77FO7BT" ignored="4" name="Test" tests="3" failures="0" timestamp="2022-09-15T19:29:31 IST" time="64.801" errors="0">
  <testcase name="createContactTest" time="9.98" classname="vtiger.ContactsTests.CreateContactWithMandFieldTest"/>
  <testcase name="createContWithOrgTest" time="21.734" classname="vtiger.ContactsTests.CreateContactWithOrganizationTest"/>
  <testcase name="createVendorTest" time="8.062" classname="vtiger.VendorsTests.CreateVendorTest"/>
  <testcase name="@AfterSuite asConfig" time="0.0" classname="vtiger.GenericUtility.BaseClass">
    <ignored/>
  </testcase> <!-- @AfterSuite asConfig -->
  <testcase name="@AfterSuite asConfig" time="0.0" classname="vtiger.GenericUtility.BaseClass">
    <ignored/>
  </testcase> <!-- @AfterSuite asConfig -->
  <testcase name="@BeforeSuite bsConfig" time="0.0" classname="vtiger.GenericUtility.BaseClass">
    <ignored/>
  </testcase> <!-- @BeforeSuite bsConfig -->
  <testcase name="@BeforeSuite bsConfig" time="0.0" classname="vtiger.GenericUtility.BaseClass">
    <ignored/>
  </testcase> <!-- @BeforeSuite bsConfig -->
</testsuite> <!-- Test -->
